<?xml version="1.0" encoding="UTF-8"?>
<testsuite xmlns:xsi="http://www.w3.org/2001/XMLSchema-instance" xsi:noNamespaceSchemaLocation="https://maven.apache.org/surefire/maven-surefire-plugin/xsd/surefire-test-report-3.0.xsd" version="3.0" name="r8.model.AccountTest" time="0.064" tests="8" errors="0" skipped="0" failures="0">
  <properties>
[...]
</properties>
  <testcase name="assignToProject" classname="r8.model.AccountTest" time="0.015"/>
  <testcase name="getFirstName" classname="r8.model.AccountTest" time="0.008"/>
  <testcase name="getLastName" classname="r8.model.AccountTest" time="0.001"/>
  <testcase name="setProjects" classname="r8.model.AccountTest" time="0"/>
  <testcase name="getProjects" classname="r8.model.AccountTest" time="0.001"/>
  <testcase name="setTeams" classname="r8.model.AccountTest" time="0.001"/>
  <testcase name="removeFromProject" classname="r8.model.AccountTest" time="0"/>
  <testcase name="getTeams" classname="r8.model.AccountTest" time="0"/>
</testsuite>